<?xml version="1.0" encoding="UTF-8"?>
<testsuites name="Mocha Tests" time="0.05" tests="4" failures="0">
  <testsuite name="" timestamp="2019-10-31T17:07:33" tests="0" failures="0" time="0">
  </testsuite>
  <testsuite name="Root Suite.flightChecker" timestamp="2019-10-31T17:07:33" tests="0" file="/home/leon.cross/src/lc-playground/flightUpdater/test/unit/flightChecker.test.js" failures="0" time="0">
  </testsuite>
  <testsuite name="Root Suite.flightChecker.#getFlight" timestamp="2019-10-31T17:07:33" tests="4" file="/home/leon.cross/src/lc-playground/flightUpdater/test/unit/flightChecker.test.js" failures="0" time="0.05">
    <testcase name="makes a fetch request" time="0.007" classname="flightChecker.#getFlight">
    </testcase>
    <testcase name="returns object in the callback" time="0.019" classname="flightChecker.#getFlight">
    </testcase>
    <testcase name="handles results when no gate available" time="0.013" classname="flightChecker.#getFlight">
    </testcase>
    <testcase name="returns null when no flight found" time="0.011" classname="flightChecker.#getFlight">
    </testcase>
  </testsuite>
</testsuites>