<?xml version="1.0" encoding="UTF-8"?>
<testsuites name="Mocha Tests" time="0.07200000000000001" tests="10" failures="0">
  <testsuite name="" timestamp="2019-11-01T14:51:24" tests="0" failures="0" time="0">
  </testsuite>
  <testsuite name="Root Suite.AirportFinder" timestamp="2019-11-01T14:51:24" tests="1" file="/home/leon.cross/src/lc-playground/flightUpdater/test/unit/airportFinder.test.js" failures="0" time="0.001">
    <testcase name="returns an object with airport and url" time="0.001" classname="AirportFinder">
    </testcase>
  </testsuite>
  <testsuite name="Root Suite.#gatwick" timestamp="2019-11-01T14:51:24" tests="0" file="/home/leon.cross/src/lc-playground/flightUpdater/test/unit/airports/gatwick.test.js" failures="0" time="0">
  </testsuite>
  <testsuite name="Root Suite.#gatwick.#scrape" timestamp="2019-11-01T14:51:24" tests="3" file="/home/leon.cross/src/lc-playground/flightUpdater/test/unit/airports/gatwick.test.js" failures="0" time="0.058">
    <testcase name="finds flight details with gate" time="0.03" classname="#gatwick.#scrape">
    </testcase>
    <testcase name="handles flight details with no gate" time="0.018" classname="#gatwick.#scrape">
    </testcase>
    <testcase name="handles no flight details found" time="0.01" classname="#gatwick.#scrape">
    </testcase>
  </testsuite>
  <testsuite name="Root Suite.fileFinder" timestamp="2019-11-01T14:51:24" tests="2" file="/home/leon.cross/src/lc-playground/flightUpdater/test/unit/fileFinder.test.js" failures="0" time="0">
    <testcase name="returns the gatwick file" time="0" classname="fileFinder">
    </testcase>
    <testcase name="returns null if no airport defined" time="0" classname="fileFinder">
    </testcase>
  </testsuite>
  <testsuite name="Root Suite.FlightChecker" timestamp="2019-11-01T14:51:24" tests="0" file="/home/leon.cross/src/lc-playground/flightUpdater/test/unit/flightChecker.test.js" failures="0" time="0">
  </testsuite>
  <testsuite name="Root Suite.FlightChecker.#getFlight" timestamp="2019-11-01T14:51:24" tests="4" file="/home/leon.cross/src/lc-playground/flightUpdater/test/unit/flightChecker.test.js" failures="0" time="0.013000000000000001">
    <testcase name="makes a fetch request" time="0.009" classname="FlightChecker.#getFlight">
    </testcase>
    <testcase name="returns object in the callback" time="0.002" classname="FlightChecker.#getFlight">
    </testcase>
    <testcase name="handles results when no gate available" time="0.001" classname="FlightChecker.#getFlight">
    </testcase>
    <testcase name="returns null when no flight found" time="0.001" classname="FlightChecker.#getFlight">
    </testcase>
  </testsuite>
</testsuites>