<?xml version="1.0" encoding="UTF-8"?>
<testsuites name="Mocha Tests" time="0.013" tests="2" failures="0">
  <testsuite name="" timestamp="2019-10-31T15:51:28" tests="0" failures="0" time="0">
  </testsuite>
  <testsuite name="Root Suite.flightChecker" timestamp="2019-10-31T15:51:28" tests="1" file="/home/leon.cross/src/lc-playground/flightUpdater/test/unit/flightChecker.test.js" failures="0" time="0.002">
    <testcase name="responds to getFlight" time="0.002" classname="flightChecker">
    </testcase>
  </testsuite>
  <testsuite name="Root Suite.flightChecker.#getFlight" timestamp="2019-10-31T15:51:28" tests="1" file="/home/leon.cross/src/lc-playground/flightUpdater/test/unit/flightChecker.test.js" failures="0" time="0.011">
    <testcase name="makes a request to the gatwick website" time="0.011" classname="flightChecker.#getFlight">
    </testcase>
  </testsuite>
</testsuites>