<?xml version="1.0" encoding="UTF-8"?>
<testsuites name="Mocha Tests" time="0.072" tests="8" failures="0">
  <testsuite name="" timestamp="2019-11-04T17:20:46" tests="0" failures="0" time="0">
  </testsuite>
  <testsuite name="Root Suite.Gatwick Airport" timestamp="2019-11-04T17:20:46" tests="0" file="/home/leon.cross/src/lc-playground/flightUpdater/test/unit/airports/gatwick.test.js" failures="0" time="0">
  </testsuite>
  <testsuite name="Root Suite.Gatwick Airport.#scrape" timestamp="2019-11-04T17:20:46" tests="4" file="/home/leon.cross/src/lc-playground/flightUpdater/test/unit/airports/gatwick.test.js" failures="0" time="0.071">
    <testcase name="makes a fetch request" time="0.016" classname="Gatwick Airport.#scrape">
    </testcase>
    <testcase name="finds flight details with gate" time="0.026" classname="Gatwick Airport.#scrape">
    </testcase>
    <testcase name="handles flight details with no gate" time="0.012" classname="Gatwick Airport.#scrape">
    </testcase>
    <testcase name="handles no flight details found" time="0.017" classname="Gatwick Airport.#scrape">
    </testcase>
  </testsuite>
  <testsuite name="Root Suite.FileFinder" timestamp="2019-11-04T17:20:46" tests="2" file="/home/leon.cross/src/lc-playground/flightUpdater/test/unit/fileFinder.test.js" failures="0" time="0">
    <testcase name="returns the gatwick file" time="0" classname="FileFinder">
    </testcase>
    <testcase name="returns null if no airport defined" time="0" classname="FileFinder">
    </testcase>
  </testsuite>
  <testsuite name="Root Suite.FlightChecker" timestamp="2019-11-04T17:20:46" tests="0" file="/home/leon.cross/src/lc-playground/flightUpdater/test/unit/flightChecker.test.js" failures="0" time="0">
  </testsuite>
  <testsuite name="Root Suite.FlightChecker.#getFlight" timestamp="2019-11-04T17:20:46" tests="2" file="/home/leon.cross/src/lc-playground/flightUpdater/test/unit/flightChecker.test.js" failures="0" time="0.001">
    <testcase name="returns object in the callback" time="0.001" classname="FlightChecker.#getFlight">
    </testcase>
    <testcase name="returns null when no flight found" time="0" classname="FlightChecker.#getFlight">
    </testcase>
  </testsuite>
</testsuites>